ERROR - 2015-07-27 11:45:14 --> 404 Page Not Found: Page/3
ERROR - 2015-07-27 11:45:15 --> 404 Page Not Found: Page/3
ERROR - 2015-07-27 11:45:15 --> 404 Page Not Found: Page/3
ERROR - 2015-07-27 11:45:15 --> 404 Page Not Found: Page/3
ERROR - 2015-07-27 11:46:09 --> 404 Page Not Found: Archive/2015-07
ERROR - 2015-07-27 11:46:45 --> Severity: Warning --> preg_match() [<a href='function.preg-match'>function.preg-match</a>]: Compilation failed: range out of order in character class at offset 16 C:\data\GitRoot\gitblog\sys\core\Router.php 411
ERROR - 2015-07-27 11:46:45 --> 404 Page Not Found: Archive/2015-07
ERROR - 2015-07-27 11:46:46 --> Severity: Warning --> preg_match() [<a href='function.preg-match'>function.preg-match</a>]: Compilation failed: range out of order in character class at offset 16 C:\data\GitRoot\gitblog\sys\core\Router.php 411
ERROR - 2015-07-27 11:46:46 --> 404 Page Not Found: Archive/2015-07
ERROR - 2015-07-27 11:46:58 --> Severity: Warning --> preg_match() [<a href='function.preg-match'>function.preg-match</a>]: Compilation failed: range out of order in character class at offset 17 C:\data\GitRoot\gitblog\sys\core\Router.php 411
ERROR - 2015-07-27 11:46:58 --> 404 Page Not Found: Archive/2015-07
ERROR - 2015-07-27 11:46:59 --> Severity: Warning --> preg_match() [<a href='function.preg-match'>function.preg-match</a>]: Compilation failed: range out of order in character class at offset 17 C:\data\GitRoot\gitblog\sys\core\Router.php 411
ERROR - 2015-07-27 11:46:59 --> 404 Page Not Found: Archive/2015-07
ERROR - 2015-07-27 11:47:53 --> 404 Page Not Found: Archive/2015-07
ERROR - 2015-07-27 11:47:54 --> 404 Page Not Found: Archive/2015-07
ERROR - 2015-07-27 11:47:54 --> 404 Page Not Found: Archive/2015-07
ERROR - 2015-07-27 11:47:55 --> 404 Page Not Found: Archive/2015-07
ERROR - 2015-07-27 11:47:55 --> 404 Page Not Found: Archive/2015-07
ERROR - 2015-07-27 11:48:17 --> 404 Page Not Found: Archive/2015-07
ERROR - 2015-07-27 11:49:12 --> 404 Page Not Found: Archive/2015-07
ERROR - 2015-07-27 11:49:14 --> 404 Page Not Found: Archive/2015-07
ERROR - 2015-07-27 11:49:31 --> 404 Page Not Found: Archive/2015-07fdsafsda
ERROR - 2015-07-27 11:50:14 --> 404 Page Not Found: Archive/2015-07
ERROR - 2015-07-27 11:50:15 --> 404 Page Not Found: Archive/2015-07
ERROR - 2015-07-27 11:50:15 --> 404 Page Not Found: Archive/2015-07
ERROR - 2015-07-27 11:50:15 --> 404 Page Not Found: Archive/2015-07
ERROR - 2015-07-27 12:03:19 --> 404 Page Not Found: Archive/201507.html
ERROR - 2015-07-27 12:15:43 --> Severity: Error --> Call to undefined method Markdown::getBlogByYearMonth() C:\data\GitRoot\gitblog\app\libraries\Markdown.php 191
ERROR - 2015-07-27 12:16:04 --> Severity: Notice --> Undefined variable: yearMonth C:\data\GitRoot\gitblog\app\controllers\Gitblog.php 122
ERROR - 2015-07-27 12:16:04 --> Severity: Notice --> Undefined variable: yearMonth C:\data\GitRoot\gitblog\app\controllers\Gitblog.php 125
ERROR - 2015-07-27 12:16:04 --> Severity: Notice --> Undefined variable: yearMonth C:\data\GitRoot\gitblog\app\controllers\Gitblog.php 122
ERROR - 2015-07-27 12:16:04 --> Severity: Notice --> Undefined variable: yearMonth C:\data\GitRoot\gitblog\app\controllers\Gitblog.php 125
ERROR - 2015-07-27 12:17:24 --> 404 Page Not Found: Archive/201507
ERROR - 2015-07-27 12:17:45 --> 404 Page Not Found: Category/1460001917
ERROR - 2015-07-27 12:18:40 --> 404 Page Not Found: Category/1460001917
ERROR - 2015-07-27 12:18:41 --> 404 Page Not Found: Category/1460001917
ERROR - 2015-07-27 12:23:10 --> Severity: Notice --> Undefined variable: siteURL C:\data\GitRoot\gitblog\app\libraries\Markdown.php 443
ERROR - 2015-07-27 12:23:10 --> Severity: Notice --> Undefined variable: siteURL C:\data\GitRoot\gitblog\app\libraries\Markdown.php 443
ERROR - 2015-07-27 12:23:10 --> Severity: Notice --> Undefined variable: siteURL C:\data\GitRoot\gitblog\app\libraries\Markdown.php 443
ERROR - 2015-07-27 12:23:10 --> Severity: Notice --> Undefined variable: siteURL C:\data\GitRoot\gitblog\app\libraries\Markdown.php 443
ERROR - 2015-07-27 12:23:10 --> Severity: Notice --> Undefined variable: siteURL C:\data\GitRoot\gitblog\app\libraries\Markdown.php 443
ERROR - 2015-07-27 12:23:10 --> Severity: Notice --> Undefined variable: siteURL C:\data\GitRoot\gitblog\app\libraries\Markdown.php 443
ERROR - 2015-07-27 12:23:10 --> Severity: Notice --> Undefined variable: siteURL C:\data\GitRoot\gitblog\app\libraries\Markdown.php 443
ERROR - 2015-07-27 12:23:10 --> Severity: Notice --> Undefined variable: siteURL C:\data\GitRoot\gitblog\app\libraries\Markdown.php 443
ERROR - 2015-07-27 12:23:10 --> Severity: Notice --> Undefined variable: siteURL C:\data\GitRoot\gitblog\app\libraries\Markdown.php 443
ERROR - 2015-07-27 12:23:10 --> Severity: Notice --> Undefined variable: siteURL C:\data\GitRoot\gitblog\app\libraries\Markdown.php 443
ERROR - 2015-07-27 12:23:10 --> Severity: Notice --> Undefined variable: siteURL C:\data\GitRoot\gitblog\app\libraries\Markdown.php 443
ERROR - 2015-07-27 12:23:10 --> Severity: Notice --> Undefined variable: siteURL C:\data\GitRoot\gitblog\app\libraries\Markdown.php 443
ERROR - 2015-07-27 12:23:10 --> Severity: Notice --> Undefined variable: siteURL C:\data\GitRoot\gitblog\app\libraries\Markdown.php 443
ERROR - 2015-07-27 12:23:10 --> Severity: Notice --> Undefined variable: siteURL C:\data\GitRoot\gitblog\app\libraries\Markdown.php 443
ERROR - 2015-07-27 12:23:10 --> Severity: Notice --> Undefined variable: siteURL C:\data\GitRoot\gitblog\app\libraries\Markdown.php 443
ERROR - 2015-07-27 12:23:10 --> Severity: Notice --> Undefined variable: siteURL C:\data\GitRoot\gitblog\app\libraries\Markdown.php 443
ERROR - 2015-07-27 12:23:10 --> Severity: Notice --> Undefined variable: siteURL C:\data\GitRoot\gitblog\app\libraries\Markdown.php 443
ERROR - 2015-07-27 12:24:23 --> 404 Page Not Found: 
ERROR - 2015-07-27 12:24:46 --> 404 Page Not Found: 
ERROR - 2015-07-27 12:24:54 --> 404 Page Not Found: 
ERROR - 2015-07-27 12:25:25 --> 404 Page Not Found: 
ERROR - 2015-07-27 12:25:36 --> Severity: Notice --> Use of undefined constant openPage - assumed 'openPage' C:\data\GitRoot\gitblog\app\controllers\Gitblog.php 200
ERROR - 2015-07-27 12:25:36 --> 404 Page Not Found: 
ERROR - 2015-07-27 12:25:37 --> Severity: Notice --> Use of undefined constant openPage - assumed 'openPage' C:\data\GitRoot\gitblog\app\controllers\Gitblog.php 200
ERROR - 2015-07-27 12:25:37 --> 404 Page Not Found: 
ERROR - 2015-07-27 12:25:51 --> Severity: Notice --> Use of undefined constant openPage - assumed 'openPage' C:\data\GitRoot\gitblog\app\controllers\Gitblog.php 200
ERROR - 2015-07-27 12:25:51 --> 404 Page Not Found: 
ERROR - 2015-07-27 12:25:52 --> Severity: Notice --> Use of undefined constant openPage - assumed 'openPage' C:\data\GitRoot\gitblog\app\controllers\Gitblog.php 200
ERROR - 2015-07-27 12:25:52 --> 404 Page Not Found: 
ERROR - 2015-07-27 12:25:53 --> Severity: Notice --> Use of undefined constant openPage - assumed 'openPage' C:\data\GitRoot\gitblog\app\controllers\Gitblog.php 200
ERROR - 2015-07-27 12:25:53 --> 404 Page Not Found: 
ERROR - 2015-07-27 12:25:53 --> Severity: Notice --> Use of undefined constant openPage - assumed 'openPage' C:\data\GitRoot\gitblog\app\controllers\Gitblog.php 200
ERROR - 2015-07-27 12:25:53 --> 404 Page Not Found: 
ERROR - 2015-07-27 12:25:53 --> Severity: Notice --> Use of undefined constant openPage - assumed 'openPage' C:\data\GitRoot\gitblog\app\controllers\Gitblog.php 200
ERROR - 2015-07-27 12:25:53 --> 404 Page Not Found: 
ERROR - 2015-07-27 13:47:20 --> Unable to load the requested class: Pagination
ERROR - 2015-07-27 13:47:47 --> Severity: Error --> Call to undefined method CI_Pagination::split() C:\data\GitRoot\gitblog\app\controllers\Gitblog.php 187
ERROR - 2015-07-27 13:48:03 --> Severity: Error --> Call to undefined method CI_Pagination::split() C:\data\GitRoot\gitblog\app\controllers\Gitblog.php 187
ERROR - 2015-07-27 13:48:04 --> Severity: Error --> Call to undefined method CI_Pagination::split() C:\data\GitRoot\gitblog\app\controllers\Gitblog.php 187
ERROR - 2015-07-27 13:48:04 --> Severity: Error --> Call to undefined method CI_Pagination::split() C:\data\GitRoot\gitblog\app\controllers\Gitblog.php 187
ERROR - 2015-07-27 13:48:35 --> Severity: Error --> Call to undefined method CI_Pagination::splitPage() C:\data\GitRoot\gitblog\app\controllers\Gitblog.php 187
ERROR - 2015-07-27 13:49:47 --> Severity: Notice --> Undefined property: Gitblog::$Pagination C:\data\GitRoot\gitblog\app\controllers\Gitblog.php 187
ERROR - 2015-07-27 13:49:47 --> Severity: Error --> Call to a member function splitPage() on a non-object C:\data\GitRoot\gitblog\app\controllers\Gitblog.php 187
ERROR - 2015-07-27 13:49:55 --> Severity: Error --> Call to undefined method CI_Pagination::splitPage() C:\data\GitRoot\gitblog\app\controllers\Gitblog.php 187
ERROR - 2015-07-27 13:50:05 --> Severity: Error --> Call to undefined method CI_Pagination::splitPage() C:\data\GitRoot\gitblog\app\controllers\Gitblog.php 187
ERROR - 2015-07-27 13:50:06 --> Severity: Error --> Call to undefined method CI_Pagination::splitPage() C:\data\GitRoot\gitblog\app\controllers\Gitblog.php 187
ERROR - 2015-07-27 13:50:06 --> Severity: Error --> Call to undefined method CI_Pagination::splitPage() C:\data\GitRoot\gitblog\app\controllers\Gitblog.php 187
ERROR - 2015-07-27 13:50:07 --> Severity: Error --> Call to undefined method CI_Pagination::splitPage() C:\data\GitRoot\gitblog\app\controllers\Gitblog.php 187
ERROR - 2015-07-27 13:50:07 --> Severity: Error --> Call to undefined method CI_Pagination::splitPage() C:\data\GitRoot\gitblog\app\controllers\Gitblog.php 187
ERROR - 2015-07-27 13:50:07 --> Severity: Error --> Call to undefined method CI_Pagination::splitPage() C:\data\GitRoot\gitblog\app\controllers\Gitblog.php 187
ERROR - 2015-07-27 13:50:07 --> Severity: Error --> Call to undefined method CI_Pagination::splitPage() C:\data\GitRoot\gitblog\app\controllers\Gitblog.php 187
ERROR - 2015-07-27 13:50:42 --> Severity: Error --> Call to undefined method CI_Pagination::splitPage() C:\data\GitRoot\gitblog\app\controllers\Gitblog.php 187
ERROR - 2015-07-27 13:50:42 --> Severity: Error --> Call to undefined method CI_Pagination::splitPage() C:\data\GitRoot\gitblog\app\controllers\Gitblog.php 187
ERROR - 2015-07-27 13:50:43 --> Severity: Error --> Call to undefined method CI_Pagination::splitPage() C:\data\GitRoot\gitblog\app\controllers\Gitblog.php 187
ERROR - 2015-07-27 13:50:48 --> Severity: Error --> Call to undefined method CI_Pagination::splitPage() C:\data\GitRoot\gitblog\app\controllers\Gitblog.php 187
ERROR - 2015-07-27 13:50:48 --> Severity: Error --> Call to undefined method CI_Pagination::splitPage() C:\data\GitRoot\gitblog\app\controllers\Gitblog.php 187
ERROR - 2015-07-27 13:50:48 --> Severity: Error --> Call to undefined method CI_Pagination::splitPage() C:\data\GitRoot\gitblog\app\controllers\Gitblog.php 187
ERROR - 2015-07-27 13:53:51 --> Severity: Notice --> Undefined property: Gitblog::$Pagination C:\data\GitRoot\gitblog\app\controllers\Gitblog.php 187
ERROR - 2015-07-27 13:53:51 --> Severity: Error --> Call to a member function splitPage() on a non-object C:\data\GitRoot\gitblog\app\controllers\Gitblog.php 187
ERROR - 2015-07-27 13:53:53 --> Severity: Notice --> Undefined property: Gitblog::$Pagination C:\data\GitRoot\gitblog\app\controllers\Gitblog.php 187
ERROR - 2015-07-27 13:53:53 --> Severity: Error --> Call to a member function splitPage() on a non-object C:\data\GitRoot\gitblog\app\controllers\Gitblog.php 187
ERROR - 2015-07-27 13:54:02 --> Severity: Error --> Call to undefined method CI_Pagination::splitPage() C:\data\GitRoot\gitblog\app\controllers\Gitblog.php 187
ERROR - 2015-07-27 13:54:29 --> Severity: Warning --> Cannot modify header information - headers already sent by (output started at C:\data\GitRoot\gitblog\app\controllers\Gitblog.php:187) C:\data\GitRoot\gitblog\sys\core\Common.php 564
ERROR - 2015-07-27 13:54:29 --> Severity: Error --> Call to undefined method CI_Pagination::splitPage() C:\data\GitRoot\gitblog\app\controllers\Gitblog.php 189
ERROR - 2015-07-27 13:54:51 --> Severity: Warning --> Cannot modify header information - headers already sent by (output started at C:\data\GitRoot\gitblog\app\controllers\Gitblog.php:187) C:\data\GitRoot\gitblog\sys\core\Common.php 564
ERROR - 2015-07-27 13:54:51 --> Severity: Error --> Call to undefined method CI_Pagination::splitPage() C:\data\GitRoot\gitblog\app\controllers\Gitblog.php 189
ERROR - 2015-07-27 13:55:00 --> Severity: Warning --> Cannot modify header information - headers already sent by (output started at C:\data\GitRoot\gitblog\app\controllers\Gitblog.php:187) C:\data\GitRoot\gitblog\sys\core\Common.php 564
ERROR - 2015-07-27 13:55:00 --> Severity: Error --> Call to undefined method CI_Pagination::splitPage() C:\data\GitRoot\gitblog\app\controllers\Gitblog.php 189
ERROR - 2015-07-27 13:55:34 --> Severity: Warning --> Cannot modify header information - headers already sent by (output started at C:\data\GitRoot\gitblog\app\controllers\Gitblog.php:187) C:\data\GitRoot\gitblog\sys\core\Common.php 564
ERROR - 2015-07-27 13:55:34 --> Severity: Error --> Call to undefined method CI_Pagination::splitPage() C:\data\GitRoot\gitblog\app\controllers\Gitblog.php 189
ERROR - 2015-07-27 13:55:34 --> Severity: Warning --> Cannot modify header information - headers already sent by (output started at C:\data\GitRoot\gitblog\app\controllers\Gitblog.php:187) C:\data\GitRoot\gitblog\sys\core\Common.php 564
ERROR - 2015-07-27 13:55:34 --> Severity: Error --> Call to undefined method CI_Pagination::splitPage() C:\data\GitRoot\gitblog\app\controllers\Gitblog.php 189
ERROR - 2015-07-27 13:55:44 --> Severity: Error --> Call to undefined method CI_Pagination::splitPage() C:\data\GitRoot\gitblog\app\controllers\Gitblog.php 188
ERROR - 2015-07-27 13:57:11 --> Severity: Error --> Call to undefined method CI_Pagination::splitPage() C:\data\GitRoot\gitblog\app\controllers\Gitblog.php 187
ERROR - 2015-07-27 13:57:11 --> Severity: Error --> Call to undefined method CI_Pagination::splitPage() C:\data\GitRoot\gitblog\app\controllers\Gitblog.php 187
ERROR - 2015-07-27 13:57:11 --> Severity: Error --> Call to undefined method CI_Pagination::splitPage() C:\data\GitRoot\gitblog\app\controllers\Gitblog.php 187
ERROR - 2015-07-27 13:57:12 --> Severity: Error --> Call to undefined method CI_Pagination::splitPage() C:\data\GitRoot\gitblog\app\controllers\Gitblog.php 187
ERROR - 2015-07-27 13:57:12 --> Severity: Error --> Call to undefined method CI_Pagination::splitPage() C:\data\GitRoot\gitblog\app\controllers\Gitblog.php 187
ERROR - 2015-07-27 13:57:12 --> Severity: Error --> Call to undefined method CI_Pagination::splitPage() C:\data\GitRoot\gitblog\app\controllers\Gitblog.php 187
ERROR - 2015-07-27 13:58:16 --> Severity: Error --> Call to undefined method CI_Pagination::splitPage() C:\data\GitRoot\gitblog\app\controllers\Gitblog.php 187
ERROR - 2015-07-27 13:58:17 --> Severity: Error --> Call to undefined method CI_Pagination::splitPage() C:\data\GitRoot\gitblog\app\controllers\Gitblog.php 187
ERROR - 2015-07-27 13:58:17 --> Severity: Error --> Call to undefined method CI_Pagination::splitPage() C:\data\GitRoot\gitblog\app\controllers\Gitblog.php 187
ERROR - 2015-07-27 13:58:18 --> Severity: Error --> Call to undefined method CI_Pagination::splitPage() C:\data\GitRoot\gitblog\app\controllers\Gitblog.php 187
ERROR - 2015-07-27 13:58:18 --> Severity: Error --> Call to undefined method CI_Pagination::splitPage() C:\data\GitRoot\gitblog\app\controllers\Gitblog.php 187
ERROR - 2015-07-27 13:58:18 --> Severity: Error --> Call to undefined method CI_Pagination::splitPage() C:\data\GitRoot\gitblog\app\controllers\Gitblog.php 187
ERROR - 2015-07-27 13:58:31 --> Severity: Error --> Call to undefined method CI_Pagination::splitPage() C:\data\GitRoot\gitblog\app\controllers\Gitblog.php 187
ERROR - 2015-07-27 13:58:40 --> Severity: Error --> Call to undefined method CI_Pagination::splitPage() C:\data\GitRoot\gitblog\app\controllers\Gitblog.php 187
ERROR - 2015-07-27 13:59:35 --> Severity: Error --> Call to undefined method CI_Pagination::splitPage() C:\data\GitRoot\gitblog\app\controllers\Gitblog.php 187
ERROR - 2015-07-27 13:59:35 --> Severity: Error --> Call to undefined method CI_Pagination::splitPage() C:\data\GitRoot\gitblog\app\controllers\Gitblog.php 187
ERROR - 2015-07-27 13:59:36 --> Severity: Error --> Call to undefined method CI_Pagination::splitPage() C:\data\GitRoot\gitblog\app\controllers\Gitblog.php 187
ERROR - 2015-07-27 13:59:36 --> Severity: Error --> Call to undefined method CI_Pagination::splitPage() C:\data\GitRoot\gitblog\app\controllers\Gitblog.php 187
ERROR - 2015-07-27 14:00:30 --> Unable to load the requested class: Page
ERROR - 2015-07-27 14:00:31 --> Unable to load the requested class: Page
ERROR - 2015-07-27 14:00:32 --> Unable to load the requested class: Page
ERROR - 2015-07-27 14:00:32 --> Unable to load the requested class: Page
ERROR - 2015-07-27 14:00:33 --> Unable to load the requested class: Page
ERROR - 2015-07-27 14:00:34 --> Unable to load the requested class: Page
ERROR - 2015-07-27 14:00:34 --> Unable to load the requested class: Page
ERROR - 2015-07-27 14:00:35 --> Unable to load the requested class: Page
ERROR - 2015-07-27 14:00:35 --> Unable to load the requested class: Page
ERROR - 2015-07-27 14:00:35 --> Unable to load the requested class: Page
ERROR - 2015-07-27 14:02:22 --> Severity: Warning --> Missing argument 2 for Pager::splitPage(), called in C:\data\GitRoot\gitblog\app\controllers\Gitblog.php on line 187 and defined C:\data\GitRoot\gitblog\app\libraries\Pager.php 4
ERROR - 2015-07-27 14:02:22 --> Severity: Notice --> Undefined variable: pageNo C:\data\GitRoot\gitblog\app\libraries\Pager.php 17
ERROR - 2015-07-27 14:02:22 --> Severity: Notice --> Undefined variable: pageNo C:\data\GitRoot\gitblog\app\libraries\Pager.php 17
ERROR - 2015-07-27 14:02:22 --> Severity: Notice --> Undefined variable: pageNo C:\data\GitRoot\gitblog\app\libraries\Pager.php 17
ERROR - 2015-07-27 14:02:22 --> Severity: Notice --> Undefined variable: pageNo C:\data\GitRoot\gitblog\app\libraries\Pager.php 17
ERROR - 2015-07-27 14:02:22 --> Severity: Notice --> Undefined variable: pageNo C:\data\GitRoot\gitblog\app\libraries\Pager.php 17
ERROR - 2015-07-27 14:02:22 --> Severity: Notice --> Undefined variable: pageNo C:\data\GitRoot\gitblog\app\libraries\Pager.php 17
ERROR - 2015-07-27 14:02:22 --> Severity: Notice --> Undefined variable: pageNo C:\data\GitRoot\gitblog\app\libraries\Pager.php 17
ERROR - 2015-07-27 14:02:22 --> Severity: Notice --> Undefined variable: pageNo C:\data\GitRoot\gitblog\app\libraries\Pager.php 17
ERROR - 2015-07-27 14:02:22 --> Severity: Notice --> Undefined variable: pageNo C:\data\GitRoot\gitblog\app\libraries\Pager.php 17
ERROR - 2015-07-27 14:02:22 --> Severity: Notice --> Undefined variable: pageNo C:\data\GitRoot\gitblog\app\libraries\Pager.php 17
ERROR - 2015-07-27 14:02:22 --> Severity: Notice --> Undefined variable: pageNo C:\data\GitRoot\gitblog\app\libraries\Pager.php 17
ERROR - 2015-07-27 14:02:22 --> Severity: Notice --> Undefined variable: pageNo C:\data\GitRoot\gitblog\app\libraries\Pager.php 17
ERROR - 2015-07-27 14:02:22 --> Severity: Notice --> Undefined variable: pageNo C:\data\GitRoot\gitblog\app\libraries\Pager.php 17
ERROR - 2015-07-27 14:02:22 --> Severity: Notice --> Undefined variable: pageNo C:\data\GitRoot\gitblog\app\libraries\Pager.php 17
ERROR - 2015-07-27 14:02:22 --> Severity: Notice --> Undefined variable: pageNo C:\data\GitRoot\gitblog\app\libraries\Pager.php 17
ERROR - 2015-07-27 14:02:22 --> Severity: Notice --> Undefined variable: pageNo C:\data\GitRoot\gitblog\app\libraries\Pager.php 17
ERROR - 2015-07-27 14:02:22 --> Severity: Notice --> Undefined variable: pageNo C:\data\GitRoot\gitblog\app\libraries\Pager.php 17
ERROR - 2015-07-27 14:02:22 --> Severity: Notice --> Undefined variable: pageNo C:\data\GitRoot\gitblog\app\libraries\Pager.php 17
ERROR - 2015-07-27 14:02:22 --> Severity: Notice --> Undefined variable: pageNo C:\data\GitRoot\gitblog\app\libraries\Pager.php 17
ERROR - 2015-07-27 14:02:22 --> Severity: Notice --> Undefined variable: pageNo C:\data\GitRoot\gitblog\app\libraries\Pager.php 17
ERROR - 2015-07-27 14:02:22 --> Severity: Notice --> Undefined variable: pageNo C:\data\GitRoot\gitblog\app\libraries\Pager.php 17
ERROR - 2015-07-27 14:02:22 --> Severity: Notice --> Undefined variable: pageNo C:\data\GitRoot\gitblog\app\libraries\Pager.php 17
ERROR - 2015-07-27 14:02:22 --> Severity: Notice --> Undefined variable: pageNo C:\data\GitRoot\gitblog\app\libraries\Pager.php 17
ERROR - 2015-07-27 14:02:22 --> Severity: Notice --> Undefined variable: pageNo C:\data\GitRoot\gitblog\app\libraries\Pager.php 17
ERROR - 2015-07-27 14:02:22 --> Severity: Notice --> Undefined variable: pageNo C:\data\GitRoot\gitblog\app\libraries\Pager.php 17
ERROR - 2015-07-27 14:02:22 --> Severity: Notice --> Undefined variable: pageNo C:\data\GitRoot\gitblog\app\libraries\Pager.php 17
ERROR - 2015-07-27 14:02:22 --> Severity: Notice --> Undefined variable: pageNo C:\data\GitRoot\gitblog\app\libraries\Pager.php 17
ERROR - 2015-07-27 14:02:22 --> Severity: Notice --> Undefined variable: pageNo C:\data\GitRoot\gitblog\app\libraries\Pager.php 17
ERROR - 2015-07-27 14:02:22 --> Severity: Notice --> Undefined variable: pageNo C:\data\GitRoot\gitblog\app\libraries\Pager.php 17
ERROR - 2015-07-27 14:02:22 --> Severity: Notice --> Undefined variable: pageNo C:\data\GitRoot\gitblog\app\libraries\Pager.php 17
ERROR - 2015-07-27 14:02:22 --> Severity: Notice --> Undefined variable: pageNo C:\data\GitRoot\gitblog\app\libraries\Pager.php 17
ERROR - 2015-07-27 14:02:22 --> Severity: Notice --> Undefined variable: pageNo C:\data\GitRoot\gitblog\app\libraries\Pager.php 17
ERROR - 2015-07-27 14:02:22 --> Severity: Notice --> Undefined variable: pageNo C:\data\GitRoot\gitblog\app\libraries\Pager.php 17
ERROR - 2015-07-27 14:02:22 --> Severity: Notice --> Undefined variable: pageNo C:\data\GitRoot\gitblog\app\libraries\Pager.php 17
ERROR - 2015-07-27 14:02:22 --> Severity: Notice --> Undefined variable: pageNo C:\data\GitRoot\gitblog\app\libraries\Pager.php 17
ERROR - 2015-07-27 14:02:22 --> Severity: Notice --> Undefined variable: pageNo C:\data\GitRoot\gitblog\app\libraries\Pager.php 17
ERROR - 2015-07-27 14:02:22 --> Severity: Notice --> Undefined variable: pageNo C:\data\GitRoot\gitblog\app\libraries\Pager.php 17
ERROR - 2015-07-27 14:02:22 --> Severity: Notice --> Undefined variable: pageNo C:\data\GitRoot\gitblog\app\libraries\Pager.php 17
ERROR - 2015-07-27 14:02:22 --> Severity: Notice --> Undefined variable: pageNo C:\data\GitRoot\gitblog\app\libraries\Pager.php 17
ERROR - 2015-07-27 14:02:22 --> Severity: Notice --> Undefined variable: pageNo C:\data\GitRoot\gitblog\app\libraries\Pager.php 17
ERROR - 2015-07-27 14:02:22 --> Severity: Notice --> Undefined variable: pageNo C:\data\GitRoot\gitblog\app\libraries\Pager.php 17
ERROR - 2015-07-27 14:02:22 --> Severity: Notice --> Undefined variable: pageNo C:\data\GitRoot\gitblog\app\libraries\Pager.php 21
ERROR - 2015-07-27 14:02:22 --> Severity: Notice --> Undefined variable: pageNo C:\data\GitRoot\gitblog\app\libraries\Pager.php 29
ERROR - 2015-07-27 14:02:22 --> Severity: Notice --> Undefined variable: pageNo C:\data\GitRoot\gitblog\app\libraries\Pager.php 31
ERROR - 2015-07-27 14:02:22 --> Severity: Notice --> Undefined variable: pageNo C:\data\GitRoot\gitblog\app\libraries\Pager.php 32
ERROR - 2015-07-27 14:02:22 --> Severity: Notice --> Undefined variable: pageNo C:\data\GitRoot\gitblog\app\libraries\Pager.php 37
ERROR - 2015-07-27 14:02:22 --> Severity: Notice --> Undefined variable: pageNo C:\data\GitRoot\gitblog\app\libraries\Pager.php 38
ERROR - 2015-07-27 14:02:22 --> Severity: Notice --> Undefined variable: pageNo C:\data\GitRoot\gitblog\app\libraries\Pager.php 47
ERROR - 2015-07-27 14:02:23 --> Severity: Warning --> Missing argument 2 for Pager::splitPage(), called in C:\data\GitRoot\gitblog\app\controllers\Gitblog.php on line 187 and defined C:\data\GitRoot\gitblog\app\libraries\Pager.php 4
ERROR - 2015-07-27 14:02:23 --> Severity: Notice --> Undefined variable: pageNo C:\data\GitRoot\gitblog\app\libraries\Pager.php 17
ERROR - 2015-07-27 14:02:23 --> Severity: Notice --> Undefined variable: pageNo C:\data\GitRoot\gitblog\app\libraries\Pager.php 17
ERROR - 2015-07-27 14:02:23 --> Severity: Notice --> Undefined variable: pageNo C:\data\GitRoot\gitblog\app\libraries\Pager.php 17
ERROR - 2015-07-27 14:02:23 --> Severity: Notice --> Undefined variable: pageNo C:\data\GitRoot\gitblog\app\libraries\Pager.php 17
ERROR - 2015-07-27 14:02:23 --> Severity: Notice --> Undefined variable: pageNo C:\data\GitRoot\gitblog\app\libraries\Pager.php 17
ERROR - 2015-07-27 14:02:23 --> Severity: Notice --> Undefined variable: pageNo C:\data\GitRoot\gitblog\app\libraries\Pager.php 17
ERROR - 2015-07-27 14:02:23 --> Severity: Notice --> Undefined variable: pageNo C:\data\GitRoot\gitblog\app\libraries\Pager.php 17
ERROR - 2015-07-27 14:02:23 --> Severity: Notice --> Undefined variable: pageNo C:\data\GitRoot\gitblog\app\libraries\Pager.php 17
ERROR - 2015-07-27 14:02:23 --> Severity: Notice --> Undefined variable: pageNo C:\data\GitRoot\gitblog\app\libraries\Pager.php 17
ERROR - 2015-07-27 14:02:23 --> Severity: Notice --> Undefined variable: pageNo C:\data\GitRoot\gitblog\app\libraries\Pager.php 17
ERROR - 2015-07-27 14:02:23 --> Severity: Notice --> Undefined variable: pageNo C:\data\GitRoot\gitblog\app\libraries\Pager.php 17
ERROR - 2015-07-27 14:02:23 --> Severity: Notice --> Undefined variable: pageNo C:\data\GitRoot\gitblog\app\libraries\Pager.php 17
ERROR - 2015-07-27 14:02:23 --> Severity: Notice --> Undefined variable: pageNo C:\data\GitRoot\gitblog\app\libraries\Pager.php 17
ERROR - 2015-07-27 14:02:23 --> Severity: Notice --> Undefined variable: pageNo C:\data\GitRoot\gitblog\app\libraries\Pager.php 17
ERROR - 2015-07-27 14:02:23 --> Severity: Notice --> Undefined variable: pageNo C:\data\GitRoot\gitblog\app\libraries\Pager.php 17
ERROR - 2015-07-27 14:02:23 --> Severity: Notice --> Undefined variable: pageNo C:\data\GitRoot\gitblog\app\libraries\Pager.php 17
ERROR - 2015-07-27 14:02:23 --> Severity: Notice --> Undefined variable: pageNo C:\data\GitRoot\gitblog\app\libraries\Pager.php 17
ERROR - 2015-07-27 14:02:23 --> Severity: Notice --> Undefined variable: pageNo C:\data\GitRoot\gitblog\app\libraries\Pager.php 17
ERROR - 2015-07-27 14:02:23 --> Severity: Notice --> Undefined variable: pageNo C:\data\GitRoot\gitblog\app\libraries\Pager.php 17
ERROR - 2015-07-27 14:02:23 --> Severity: Notice --> Undefined variable: pageNo C:\data\GitRoot\gitblog\app\libraries\Pager.php 17
ERROR - 2015-07-27 14:02:23 --> Severity: Notice --> Undefined variable: pageNo C:\data\GitRoot\gitblog\app\libraries\Pager.php 17
ERROR - 2015-07-27 14:02:23 --> Severity: Notice --> Undefined variable: pageNo C:\data\GitRoot\gitblog\app\libraries\Pager.php 17
ERROR - 2015-07-27 14:02:23 --> Severity: Notice --> Undefined variable: pageNo C:\data\GitRoot\gitblog\app\libraries\Pager.php 17
ERROR - 2015-07-27 14:02:23 --> Severity: Notice --> Undefined variable: pageNo C:\data\GitRoot\gitblog\app\libraries\Pager.php 17
ERROR - 2015-07-27 14:02:23 --> Severity: Notice --> Undefined variable: pageNo C:\data\GitRoot\gitblog\app\libraries\Pager.php 17
ERROR - 2015-07-27 14:02:23 --> Severity: Notice --> Undefined variable: pageNo C:\data\GitRoot\gitblog\app\libraries\Pager.php 17
ERROR - 2015-07-27 14:02:23 --> Severity: Notice --> Undefined variable: pageNo C:\data\GitRoot\gitblog\app\libraries\Pager.php 17
ERROR - 2015-07-27 14:02:23 --> Severity: Notice --> Undefined variable: pageNo C:\data\GitRoot\gitblog\app\libraries\Pager.php 17
ERROR - 2015-07-27 14:02:23 --> Severity: Notice --> Undefined variable: pageNo C:\data\GitRoot\gitblog\app\libraries\Pager.php 17
ERROR - 2015-07-27 14:02:23 --> Severity: Notice --> Undefined variable: pageNo C:\data\GitRoot\gitblog\app\libraries\Pager.php 17
ERROR - 2015-07-27 14:02:23 --> Severity: Notice --> Undefined variable: pageNo C:\data\GitRoot\gitblog\app\libraries\Pager.php 17
ERROR - 2015-07-27 14:02:23 --> Severity: Notice --> Undefined variable: pageNo C:\data\GitRoot\gitblog\app\libraries\Pager.php 17
ERROR - 2015-07-27 14:02:23 --> Severity: Notice --> Undefined variable: pageNo C:\data\GitRoot\gitblog\app\libraries\Pager.php 17
ERROR - 2015-07-27 14:02:23 --> Severity: Notice --> Undefined variable: pageNo C:\data\GitRoot\gitblog\app\libraries\Pager.php 17
ERROR - 2015-07-27 14:02:23 --> Severity: Notice --> Undefined variable: pageNo C:\data\GitRoot\gitblog\app\libraries\Pager.php 17
ERROR - 2015-07-27 14:02:23 --> Severity: Notice --> Undefined variable: pageNo C:\data\GitRoot\gitblog\app\libraries\Pager.php 17
ERROR - 2015-07-27 14:02:23 --> Severity: Notice --> Undefined variable: pageNo C:\data\GitRoot\gitblog\app\libraries\Pager.php 17
ERROR - 2015-07-27 14:02:23 --> Severity: Notice --> Undefined variable: pageNo C:\data\GitRoot\gitblog\app\libraries\Pager.php 17
ERROR - 2015-07-27 14:02:23 --> Severity: Notice --> Undefined variable: pageNo C:\data\GitRoot\gitblog\app\libraries\Pager.php 17
ERROR - 2015-07-27 14:02:23 --> Severity: Notice --> Undefined variable: pageNo C:\data\GitRoot\gitblog\app\libraries\Pager.php 17
ERROR - 2015-07-27 14:02:23 --> Severity: Notice --> Undefined variable: pageNo C:\data\GitRoot\gitblog\app\libraries\Pager.php 17
ERROR - 2015-07-27 14:02:23 --> Severity: Notice --> Undefined variable: pageNo C:\data\GitRoot\gitblog\app\libraries\Pager.php 21
ERROR - 2015-07-27 14:02:23 --> Severity: Notice --> Undefined variable: pageNo C:\data\GitRoot\gitblog\app\libraries\Pager.php 29
ERROR - 2015-07-27 14:02:23 --> Severity: Notice --> Undefined variable: pageNo C:\data\GitRoot\gitblog\app\libraries\Pager.php 31
ERROR - 2015-07-27 14:02:23 --> Severity: Notice --> Undefined variable: pageNo C:\data\GitRoot\gitblog\app\libraries\Pager.php 32
ERROR - 2015-07-27 14:02:23 --> Severity: Notice --> Undefined variable: pageNo C:\data\GitRoot\gitblog\app\libraries\Pager.php 37
ERROR - 2015-07-27 14:02:23 --> Severity: Notice --> Undefined variable: pageNo C:\data\GitRoot\gitblog\app\libraries\Pager.php 38
ERROR - 2015-07-27 14:02:23 --> Severity: Notice --> Undefined variable: pageNo C:\data\GitRoot\gitblog\app\libraries\Pager.php 47
ERROR - 2015-07-27 14:02:53 --> Severity: Warning --> Missing argument 2 for Pager::splitPage(), called in C:\data\GitRoot\gitblog\app\controllers\Gitblog.php on line 187 and defined C:\data\GitRoot\gitblog\app\libraries\Pager.php 4
ERROR - 2015-07-27 14:02:53 --> Severity: Notice --> Undefined variable: pageNo C:\data\GitRoot\gitblog\app\libraries\Pager.php 17
ERROR - 2015-07-27 14:02:53 --> Severity: Notice --> Undefined variable: pageNo C:\data\GitRoot\gitblog\app\libraries\Pager.php 17
ERROR - 2015-07-27 14:02:53 --> Severity: Notice --> Undefined variable: pageNo C:\data\GitRoot\gitblog\app\libraries\Pager.php 17
ERROR - 2015-07-27 14:02:53 --> Severity: Notice --> Undefined variable: pageNo C:\data\GitRoot\gitblog\app\libraries\Pager.php 17
ERROR - 2015-07-27 14:02:53 --> Severity: Notice --> Undefined variable: pageNo C:\data\GitRoot\gitblog\app\libraries\Pager.php 17
ERROR - 2015-07-27 14:02:53 --> Severity: Notice --> Undefined variable: pageNo C:\data\GitRoot\gitblog\app\libraries\Pager.php 17
ERROR - 2015-07-27 14:02:53 --> Severity: Notice --> Undefined variable: pageNo C:\data\GitRoot\gitblog\app\libraries\Pager.php 17
ERROR - 2015-07-27 14:02:53 --> Severity: Notice --> Undefined variable: pageNo C:\data\GitRoot\gitblog\app\libraries\Pager.php 17
ERROR - 2015-07-27 14:02:53 --> Severity: Notice --> Undefined variable: pageNo C:\data\GitRoot\gitblog\app\libraries\Pager.php 17
ERROR - 2015-07-27 14:02:53 --> Severity: Notice --> Undefined variable: pageNo C:\data\GitRoot\gitblog\app\libraries\Pager.php 17
ERROR - 2015-07-27 14:02:53 --> Severity: Notice --> Undefined variable: pageNo C:\data\GitRoot\gitblog\app\libraries\Pager.php 17
ERROR - 2015-07-27 14:02:53 --> Severity: Notice --> Undefined variable: pageNo C:\data\GitRoot\gitblog\app\libraries\Pager.php 17
ERROR - 2015-07-27 14:02:53 --> Severity: Notice --> Undefined variable: pageNo C:\data\GitRoot\gitblog\app\libraries\Pager.php 17
ERROR - 2015-07-27 14:02:53 --> Severity: Notice --> Undefined variable: pageNo C:\data\GitRoot\gitblog\app\libraries\Pager.php 17
ERROR - 2015-07-27 14:02:53 --> Severity: Notice --> Undefined variable: pageNo C:\data\GitRoot\gitblog\app\libraries\Pager.php 17
ERROR - 2015-07-27 14:02:53 --> Severity: Notice --> Undefined variable: pageNo C:\data\GitRoot\gitblog\app\libraries\Pager.php 17
ERROR - 2015-07-27 14:02:53 --> Severity: Notice --> Undefined variable: pageNo C:\data\GitRoot\gitblog\app\libraries\Pager.php 17
ERROR - 2015-07-27 14:02:53 --> Severity: Notice --> Undefined variable: pageNo C:\data\GitRoot\gitblog\app\libraries\Pager.php 17
ERROR - 2015-07-27 14:02:53 --> Severity: Notice --> Undefined variable: pageNo C:\data\GitRoot\gitblog\app\libraries\Pager.php 17
ERROR - 2015-07-27 14:02:53 --> Severity: Notice --> Undefined variable: pageNo C:\data\GitRoot\gitblog\app\libraries\Pager.php 17
ERROR - 2015-07-27 14:02:53 --> Severity: Notice --> Undefined variable: pageNo C:\data\GitRoot\gitblog\app\libraries\Pager.php 17
ERROR - 2015-07-27 14:02:53 --> Severity: Notice --> Undefined variable: pageNo C:\data\GitRoot\gitblog\app\libraries\Pager.php 17
ERROR - 2015-07-27 14:02:53 --> Severity: Notice --> Undefined variable: pageNo C:\data\GitRoot\gitblog\app\libraries\Pager.php 17
ERROR - 2015-07-27 14:02:53 --> Severity: Notice --> Undefined variable: pageNo C:\data\GitRoot\gitblog\app\libraries\Pager.php 17
ERROR - 2015-07-27 14:02:53 --> Severity: Notice --> Undefined variable: pageNo C:\data\GitRoot\gitblog\app\libraries\Pager.php 17
ERROR - 2015-07-27 14:02:53 --> Severity: Notice --> Undefined variable: pageNo C:\data\GitRoot\gitblog\app\libraries\Pager.php 17
ERROR - 2015-07-27 14:02:53 --> Severity: Notice --> Undefined variable: pageNo C:\data\GitRoot\gitblog\app\libraries\Pager.php 17
ERROR - 2015-07-27 14:02:53 --> Severity: Notice --> Undefined variable: pageNo C:\data\GitRoot\gitblog\app\libraries\Pager.php 17
ERROR - 2015-07-27 14:02:53 --> Severity: Notice --> Undefined variable: pageNo C:\data\GitRoot\gitblog\app\libraries\Pager.php 17
ERROR - 2015-07-27 14:02:53 --> Severity: Notice --> Undefined variable: pageNo C:\data\GitRoot\gitblog\app\libraries\Pager.php 17
ERROR - 2015-07-27 14:02:53 --> Severity: Notice --> Undefined variable: pageNo C:\data\GitRoot\gitblog\app\libraries\Pager.php 17
ERROR - 2015-07-27 14:02:53 --> Severity: Notice --> Undefined variable: pageNo C:\data\GitRoot\gitblog\app\libraries\Pager.php 17
ERROR - 2015-07-27 14:02:53 --> Severity: Notice --> Undefined variable: pageNo C:\data\GitRoot\gitblog\app\libraries\Pager.php 17
ERROR - 2015-07-27 14:02:53 --> Severity: Notice --> Undefined variable: pageNo C:\data\GitRoot\gitblog\app\libraries\Pager.php 17
ERROR - 2015-07-27 14:02:53 --> Severity: Notice --> Undefined variable: pageNo C:\data\GitRoot\gitblog\app\libraries\Pager.php 17
ERROR - 2015-07-27 14:02:53 --> Severity: Notice --> Undefined variable: pageNo C:\data\GitRoot\gitblog\app\libraries\Pager.php 17
ERROR - 2015-07-27 14:02:53 --> Severity: Notice --> Undefined variable: pageNo C:\data\GitRoot\gitblog\app\libraries\Pager.php 17
ERROR - 2015-07-27 14:02:53 --> Severity: Notice --> Undefined variable: pageNo C:\data\GitRoot\gitblog\app\libraries\Pager.php 17
ERROR - 2015-07-27 14:02:53 --> Severity: Notice --> Undefined variable: pageNo C:\data\GitRoot\gitblog\app\libraries\Pager.php 17
ERROR - 2015-07-27 14:02:53 --> Severity: Notice --> Undefined variable: pageNo C:\data\GitRoot\gitblog\app\libraries\Pager.php 17
ERROR - 2015-07-27 14:02:53 --> Severity: Notice --> Undefined variable: pageNo C:\data\GitRoot\gitblog\app\libraries\Pager.php 17
ERROR - 2015-07-27 14:02:53 --> Severity: Notice --> Undefined variable: pageNo C:\data\GitRoot\gitblog\app\libraries\Pager.php 21
ERROR - 2015-07-27 14:02:53 --> Severity: Notice --> Undefined variable: pageNo C:\data\GitRoot\gitblog\app\libraries\Pager.php 29
ERROR - 2015-07-27 14:02:53 --> Severity: Notice --> Undefined variable: pageNo C:\data\GitRoot\gitblog\app\libraries\Pager.php 31
ERROR - 2015-07-27 14:02:53 --> Severity: Notice --> Undefined variable: pageNo C:\data\GitRoot\gitblog\app\libraries\Pager.php 32
ERROR - 2015-07-27 14:02:53 --> Severity: Notice --> Undefined variable: pageNo C:\data\GitRoot\gitblog\app\libraries\Pager.php 37
ERROR - 2015-07-27 14:02:53 --> Severity: Notice --> Undefined variable: pageNo C:\data\GitRoot\gitblog\app\libraries\Pager.php 38
ERROR - 2015-07-27 14:02:53 --> Severity: Notice --> Undefined variable: pageNo C:\data\GitRoot\gitblog\app\libraries\Pager.php 47
ERROR - 2015-07-27 14:03:28 --> Severity: Warning --> Missing argument 4 for Pager::splitPage(), called in C:\data\GitRoot\gitblog\app\controllers\Gitblog.php on line 187 and defined C:\data\GitRoot\gitblog\app\libraries\Pager.php 4
ERROR - 2015-07-27 14:03:28 --> Severity: Notice --> Undefined variable: showLen C:\data\GitRoot\gitblog\app\libraries\Pager.php 37
ERROR - 2015-07-27 14:03:28 --> Severity: Notice --> Undefined variable: showLen C:\data\GitRoot\gitblog\app\libraries\Pager.php 38
ERROR - 2015-07-27 14:03:29 --> Severity: Warning --> Missing argument 4 for Pager::splitPage(), called in C:\data\GitRoot\gitblog\app\controllers\Gitblog.php on line 187 and defined C:\data\GitRoot\gitblog\app\libraries\Pager.php 4
ERROR - 2015-07-27 14:03:29 --> Severity: Notice --> Undefined variable: showLen C:\data\GitRoot\gitblog\app\libraries\Pager.php 37
ERROR - 2015-07-27 14:03:29 --> Severity: Notice --> Undefined variable: showLen C:\data\GitRoot\gitblog\app\libraries\Pager.php 38
ERROR - 2015-07-27 14:03:29 --> Severity: Warning --> Missing argument 4 for Pager::splitPage(), called in C:\data\GitRoot\gitblog\app\controllers\Gitblog.php on line 187 and defined C:\data\GitRoot\gitblog\app\libraries\Pager.php 4
ERROR - 2015-07-27 14:03:29 --> Severity: Notice --> Undefined variable: showLen C:\data\GitRoot\gitblog\app\libraries\Pager.php 37
ERROR - 2015-07-27 14:03:29 --> Severity: Notice --> Undefined variable: showLen C:\data\GitRoot\gitblog\app\libraries\Pager.php 38
ERROR - 2015-07-27 14:03:29 --> Severity: Warning --> Missing argument 4 for Pager::splitPage(), called in C:\data\GitRoot\gitblog\app\controllers\Gitblog.php on line 187 and defined C:\data\GitRoot\gitblog\app\libraries\Pager.php 4
ERROR - 2015-07-27 14:03:29 --> Severity: Notice --> Undefined variable: showLen C:\data\GitRoot\gitblog\app\libraries\Pager.php 37
ERROR - 2015-07-27 14:03:29 --> Severity: Notice --> Undefined variable: showLen C:\data\GitRoot\gitblog\app\libraries\Pager.php 38
ERROR - 2015-07-27 14:03:29 --> Severity: Warning --> Missing argument 4 for Pager::splitPage(), called in C:\data\GitRoot\gitblog\app\controllers\Gitblog.php on line 187 and defined C:\data\GitRoot\gitblog\app\libraries\Pager.php 4
ERROR - 2015-07-27 14:03:29 --> Severity: Notice --> Undefined variable: showLen C:\data\GitRoot\gitblog\app\libraries\Pager.php 37
ERROR - 2015-07-27 14:03:29 --> Severity: Notice --> Undefined variable: showLen C:\data\GitRoot\gitblog\app\libraries\Pager.php 38
ERROR - 2015-07-27 14:08:09 --> Severity: Error --> Call to undefined method Gitblog::setDate() C:\data\GitRoot\gitblog\app\controllers\Gitblog.php 191
ERROR - 2015-07-27 14:36:39 --> Severity: Warning --> Missing argument 1 for Twig::__construct(), called in C:\data\GitRoot\gitblog\sys\core\Loader.php on line 1233 and defined C:\data\GitRoot\gitblog\app\libraries\Twig.php 10
ERROR - 2015-07-27 14:36:39 --> Severity: Notice --> Undefined variable: theme C:\data\GitRoot\gitblog\app\libraries\Twig.php 13
ERROR - 2015-07-27 14:36:39 --> Severity: Notice --> Undefined variable: theme C:\data\GitRoot\gitblog\app\libraries\Twig.php 19
ERROR - 2015-07-27 14:36:39 --> Severity: error --> Exception: Unable to find template "index.html" (looked into: C:\data\GitRoot\gitblog/theme). C:\data\GitRoot\gitblog\app\third_party\Twig\Loader\Filesystem.php 195
ERROR - 2015-07-27 14:38:21 --> Severity: Notice --> Undefined variable: theme C:\data\GitRoot\gitblog\app\libraries\Twig.php 19
ERROR - 2015-07-27 14:38:21 --> Severity: error --> Exception: Unable to find template "index.html" (looked into: C:\data\GitRoot\gitblog/theme). C:\data\GitRoot\gitblog\app\third_party\Twig\Loader\Filesystem.php 195
ERROR - 2015-07-27 14:40:14 --> Severity: error --> Exception: The "C:\data\GitRoot\gitblog/theme/twiiter" directory does not exist. C:\data\GitRoot\gitblog\app\third_party\Twig\Loader\Filesystem.php 93
